Using pre-set license
Built from '2021.3/staging' branch; Version is '2021.3.6f1 (7da38d85baf6) revision 8233869'; Using compiler version '192829333'; Build Type 'Release'
OS: 'Windows 11  (10.0.22622) 64bit CoreSingleLanguage' Language: 'en' Physical Memory: 15741 MB
BatchMode: 1, IsHumanControllingUs: 0, StartBugReporterOnCrash: 0, Is64bit: 1, IsPro: 1

COMMAND LINE ARGUMENTS:
C:\Program Files\Unity\Hub\Editor\2021.3.6f1\Editor\Unity.exe
-adb2
-batchMode
-noUpm
-name
AssetImportWorker3
-projectPath
C:/CODE/hphuocthanh/pru_candy_game
-logFile
Logs/AssetImportWorker3.log
-srvPort
63060
Successfully changed project path to: C:/CODE/hphuocthanh/pru_candy_game
C:/CODE/hphuocthanh/pru_candy_game
[UnityMemory] Configuration Parameters - Can be set up in boot.config
    "memorysetup-bucket-allocator-granularity=16"
    "memorysetup-bucket-allocator-bucket-count=8"
    "memorysetup-bucket-allocator-block-size=33554432"
    "memorysetup-bucket-allocator-block-count=8"
    "memorysetup-main-allocator-block-size=16777216"
    "memorysetup-thread-allocator-block-size=16777216"
    "memorysetup-gfx-main-allocator-block-size=16777216"
    "memorysetup-gfx-thread-allocator-block-size=16777216"
    "memorysetup-cache-allocator-block-size=4194304"
    "memorysetup-typetree-allocator-block-size=2097152"
    "memorysetup-profiler-bucket-allocator-granularity=16"
    "memorysetup-profiler-bucket-allocator-bucket-count=8"
    "memorysetup-profiler-bucket-allocator-block-size=33554432"
    "memorysetup-profiler-bucket-allocator-block-count=8"
    "memorysetup-profiler-allocator-block-size=16777216"
    "memorysetup-profiler-editor-allocator-block-size=1048576"
    "memorysetup-temp-allocator-size-main=16777216"
    "memorysetup-job-temp-allocator-block-size=2097152"
    "memorysetup-job-temp-allocator-block-size-background=1048576"
    "memorysetup-job-temp-allocator-reduction-small-platforms=262144"
    "memorysetup-temp-allocator-size-background-worker=32768"
    "memorysetup-temp-allocator-size-job-worker=262144"
    "memorysetup-temp-allocator-size-preload-manager=33554432"
    "memorysetup-temp-allocator-size-nav-mesh-worker=65536"
    "memorysetup-temp-allocator-size-audio-worker=65536"
    "memorysetup-temp-allocator-size-cloud-worker=32768"
    "memorysetup-temp-allocator-size-gi-baking-worker=262144"
    "memorysetup-temp-allocator-size-gfx=262144"
Refreshing native plugins compatible for Editor in 30.79 ms, found 2 plugins.
Preloading 0 native plugins for Editor in 0.00 ms.
Initialize engine version: 2021.3.6f1 (7da38d85baf6)
[Subsystems] Discovering subsystems at path C:/Program Files/Unity/Hub/Editor/2021.3.6f1/Editor/Data/Resources/UnitySubsystems
[Subsystems] Discovering subsystems at path C:/CODE/hphuocthanh/pru_candy_game/Assets
GfxDevice: creating device client; threaded=0; jobified=0
Direct3D:
    Version:  Direct3D 11.0 [level 11.1]
    Renderer: NVIDIA GeForce GTX 1650 Ti (ID=0x1f95)
    Vendor:   NVIDIA
    VRAM:     3962 MB
    Driver:   30.0.15.1215
Initialize mono
Mono path[0] = 'C:/Program Files/Unity/Hub/Editor/2021.3.6f1/Editor/Data/Managed'
Mono path[1] = 'C:/Program Files/Unity/Hub/Editor/2021.3.6f1/Editor/Data/MonoBleedingEdge/lib/mono/unityjit-win32'
Mono config path = 'C:/Program Files/Unity/Hub/Editor/2021.3.6f1/Editor/Data/MonoBleedingEdge/etc'
Using monoOptions --debugger-agent=transport=dt_socket,embedding=1,server=y,suspend=n,address=127.0.0.1:56776
Begin MonoManager ReloadAssembly
Registering precompiled unity dll's ...
Register platform support module: C:/Program Files/Unity/Hub/Editor/2021.3.6f1/Editor/Data/PlaybackEngines/WebGLSupport/UnityEditor.WebGL.Extensions.dll
Register platform support module: C:/Program Files/Unity/Hub/Editor/2021.3.6f1/Editor/Data/PlaybackEngines/WindowsStandaloneSupport/UnityEditor.WindowsStandalone.Extensions.dll
Registered in 0.004290 seconds.
Native extension for WindowsStandalone target not found
Native extension for WebGL target not found
Refreshing native plugins compatible for Editor in 27.34 ms, found 2 plugins.
Preloading 0 native plugins for Editor in 0.00 ms.
Mono: successfully reloaded assembly
- Completed reload, in  0.588 seconds
Domain Reload Profiling:
	ReloadAssembly (588ms)
		BeginReloadAssembly (72ms)
			ExecutionOrderSort (0ms)
			DisableScriptedObjects (0ms)
			BackupInstance (0ms)
			ReleaseScriptingObjects (0ms)
			CreateAndSetChildDomain (1ms)
		EndReloadAssembly (405ms)
			LoadAssemblies (71ms)
			RebuildTransferFunctionScriptingTraits (0ms)
			SetupTypeCache (102ms)
			ReleaseScriptCaches (0ms)
			RebuildScriptCaches (30ms)
			SetupLoadedEditorAssemblies (226ms)
				LogAssemblyErrors (0ms)
				InitializePlatformSupportModulesInManaged (8ms)
				SetLoadedEditorAssemblies (0ms)
				RefreshPlugins (28ms)
				BeforeProcessingInitializeOnLoad (1ms)
				ProcessInitializeOnLoadAttributes (147ms)
				ProcessInitializeOnLoadMethodAttributes (42ms)
				AfterProcessingInitializeOnLoad (0ms)
				EditorAssembliesLoaded (0ms)
			ExecutionOrderSort2 (0ms)
			AwakeInstancesAfterBackupRestoration (0ms)
Platform modules already initialized, skipping
Registering precompiled user dll's ...
Registered in 0.002772 seconds.
Begin MonoManager ReloadAssembly
Native extension for WindowsStandalone target not found
Native extension for WebGL target not found
Refreshing native plugins compatible for Editor in 0.37 ms, found 2 plugins.
Preloading 0 native plugins for Editor in 0.00 ms.
Mono: successfully reloaded assembly
- Completed reload, in  0.842 seconds
Domain Reload Profiling:
	ReloadAssembly (843ms)
		BeginReloadAssembly (100ms)
			ExecutionOrderSort (0ms)
			DisableScriptedObjects (5ms)
			BackupInstance (0ms)
			ReleaseScriptingObjects (0ms)
			CreateAndSetChildDomain (20ms)
		EndReloadAssembly (627ms)
			LoadAssemblies (65ms)
			RebuildTransferFunctionScriptingTraits (0ms)
			SetupTypeCache (178ms)
			ReleaseScriptCaches (1ms)
			RebuildScriptCaches (43ms)
			SetupLoadedEditorAssemblies (300ms)
				LogAssemblyErrors (0ms)
				InitializePlatformSupportModulesInManaged (7ms)
				SetLoadedEditorAssemblies (0ms)
				RefreshPlugins (1ms)
				BeforeProcessingInitializeOnLoad (57ms)
				ProcessInitializeOnLoadAttributes (202ms)
				ProcessInitializeOnLoadMethodAttributes (27ms)
				AfterProcessingInitializeOnLoad (6ms)
				EditorAssembliesLoaded (0ms)
			ExecutionOrderSort2 (0ms)
			AwakeInstancesAfterBackupRestoration (6ms)
Platform modules already initialized, skipping
========================================================================
Worker process is ready to serve import requests
Launched and connected shader compiler UnityShaderCompiler.exe after 0.07 seconds
Refreshing native plugins compatible for Editor in 0.81 ms, found 2 plugins.
Preloading 0 native plugins for Editor in 0.00 ms.
Unloading 1680 Unused Serialized files (Serialized files now loaded: 0)
Unloading 19 unused Assets / (47.2 KB). Loaded Objects now: 2145.
Memory consumption went from 72.2 MB to 72.1 MB.
Total: 3.296400 ms (FindLiveObjects: 0.202500 ms CreateObjectMapping: 0.047500 ms MarkObjects: 2.961500 ms  DeleteObjects: 0.083000 ms)

AssetImportParameters requested are different than current active one (requested -> active):
  custom:video-decoder-ogg-theora: a1e56fd34408186e4bbccfd4996cb3dc -> 
  custom:container-muxer-webm: aa71ff27fc2769a1b78a27578f13a17b -> 
  custom:container-demuxer-webm: 4f35f7cbe854078d1ac9338744f61a02 -> 
  custom:video-encoder-webm-vp8: eb34c28f22e8b96e1ab97ce403110664 -> 
  custom:video-codec-MediaFoundation-h265: 746d11721c4dcdbdad8f713fa42b33f4 -> 
  custom:audio-encoder-webm-vorbis: bf7c407c2cedff20999df2af8eb42d56 -> 
  custom:framework-win-MediaFoundation: 216162199b28c13a410421893ffa2e32 -> 
  custom:container-demuxer-ogg: 62fdf1f143b41e24485cea50d1cbac27 -> 
  custom:video-decoder-webm-vp8: 9c59270c3fd7afecdb556c50c9e8de78 -> 
  custom:audio-decoder-ogg-vorbis: bf7c407c2cedff20999df2af8eb42d56 -> 
========================================================================
Received Import Request.
  Time since last request: 16381.641792 seconds.
  path: Assets/Match 3 Starter/Animations/GameOverPopup.anim
  artifactKey: Guid(687265bb0953ff64b8c77a88b64abafd) Importer(2089858483,0ecaa5967403d082aa24f35e1b516d23)
Start importing Assets/Match 3 Starter/Animations/GameOverPopup.anim using Guid(687265bb0953ff64b8c77a88b64abafd) Importer(2089858483,0ecaa5967403d082aa24f35e1b516d23) Generated GUIDs only implemented for interfaces!
 -> (artifact id: '8ae4096167ffb575810df50afd8575e5') in 0.182051 seconds 
========================================================================
Received Import Request.
  Time since last request: 0.000030 seconds.
  path: Assets/Match 3 Starter/Scripts/Managers/SFXManager.cs
  artifactKey: Guid(1191b14c8d803934c89b105392a9e625) Importer(2089858483,0ecaa5967403d082aa24f35e1b516d23)
Start importing Assets/Match 3 Starter/Scripts/Managers/SFXManager.cs using Guid(1191b14c8d803934c89b105392a9e625) Importer(2089858483,0ecaa5967403d082aa24f35e1b516d23) Generated GUIDs only implemented for interfaces!
 -> (artifact id: '91d6ab041413612bd3c888f912870c1e') in 0.014939 seconds 
========================================================================
Received Import Request.
  Time since last request: 0.000046 seconds.
  path: Assets/Match 3 Starter/Scenes/Menu.unity
  artifactKey: Guid(808e4492450f3f84c859e099524ef107) Importer(2089858483,0ecaa5967403d082aa24f35e1b516d23)
Start importing Assets/Match 3 Starter/Scenes/Menu.unity using Guid(808e4492450f3f84c859e099524ef107) Importer(2089858483,0ecaa5967403d082aa24f35e1b516d23) Generated GUIDs only implemented for interfaces!
 -> (artifact id: '151831d7dae606392ad49f6c164c958a') in 0.009704 seconds 
========================================================================
Received Import Request.
  Time since last request: 0.000022 seconds.
  path: Assets/Match 3 Starter/Audio/MasterMixer.mixer
  artifactKey: Guid(2208ab7a56b3f4242964975380adbaca) Importer(2089858483,0ecaa5967403d082aa24f35e1b516d23)
Start importing Assets/Match 3 Starter/Audio/MasterMixer.mixer using Guid(2208ab7a56b3f4242964975380adbaca) Importer(2089858483,0ecaa5967403d082aa24f35e1b516d23) Generated GUIDs only implemented for interfaces!
 -> (artifact id: 'b1166c071d5813406c2a8dd460036c0d') in 0.022164 seconds 
========================================================================
Received Import Request.
  Time since last request: 0.000018 seconds.
  path: Assets/Match 3 Starter/Scenes/GameSettings.lighting
  artifactKey: Guid(a8233c8210a19f34d90b3077e40f0020) Importer(2089858483,0ecaa5967403d082aa24f35e1b516d23)
Start importing Assets/Match 3 Starter/Scenes/GameSettings.lighting using Guid(a8233c8210a19f34d90b3077e40f0020) Importer(2089858483,0ecaa5967403d082aa24f35e1b516d23) LightingSettings: switching bake backend from 1 to 0.
Generated GUIDs only implemented for interfaces!
 -> (artifact id: '2bdb7ea7267a8600b591aca8ecf91e57') in 0.022509 seconds 
========================================================================
Received Import Request.
  Time since last request: 0.000018 seconds.
  path: Assets/Match 3 Starter/Sprites/Characters/characters_0003.png
  artifactKey: Guid(2ee3c05b5ca27554992a945764c99837) Importer(2089858483,0ecaa5967403d082aa24f35e1b516d23)
Start importing Assets/Match 3 Starter/Sprites/Characters/characters_0003.png using Guid(2ee3c05b5ca27554992a945764c99837) Importer(2089858483,0ecaa5967403d082aa24f35e1b516d23) Generated GUIDs only implemented for interfaces!
 -> (artifact id: '3699d11cec27a6a57d57b41ce0d4ecde') in 0.047262 seconds 
========================================================================
Received Import Request.
  Time since last request: 0.000031 seconds.
  path: Assets/Match 3 Starter/Audio/SFX/Select.mp3
  artifactKey: Guid(567376b80e0350040a86dbd342b02319) Importer(2089858483,0ecaa5967403d082aa24f35e1b516d23)
Start importing Assets/Match 3 Starter/Audio/SFX/Select.mp3 using Guid(567376b80e0350040a86dbd342b02319) Importer(2089858483,0ecaa5967403d082aa24f35e1b516d23) Generated GUIDs only implemented for interfaces!
 -> (artifact id: '449fbc1b3388737637c8d1d16d932406') in 0.048424 seconds 
========================================================================
Received Import Request.
  Time since last request: 0.000018 seconds.
  path: Assets/Match 3 Starter/Sprites/UI/bg.png
  artifactKey: Guid(20067065be1b9b342afbda22e5b08c85) Importer(2089858483,0ecaa5967403d082aa24f35e1b516d23)
Start importing Assets/Match 3 Starter/Sprites/UI/bg.png using Guid(20067065be1b9b342afbda22e5b08c85) Importer(2089858483,0ecaa5967403d082aa24f35e1b516d23) Generated GUIDs only implemented for interfaces!
 -> (artifact id: '19707870f56b94e88768643b382c1520') in 0.030931 seconds 
========================================================================
Received Import Request.
  Time since last request: 0.000046 seconds.
  path: Assets/Match 3 Starter/Audio/Music/Attribution.txt
  artifactKey: Guid(4adc7b5060080634ab1d9f24f473ad3b) Importer(2089858483,0ecaa5967403d082aa24f35e1b516d23)
Start importing Assets/Match 3 Starter/Audio/Music/Attribution.txt using Guid(4adc7b5060080634ab1d9f24f473ad3b) Importer(2089858483,0ecaa5967403d082aa24f35e1b516d23) Generated GUIDs only implemented for interfaces!
 -> (artifact id: '41193d466870dcbb1b3decd6589181be') in 0.118664 seconds 
========================================================================
Received Import Request.
  Time since last request: 0.000048 seconds.
  path: Assets/Match 3 Starter/Scripts/Managers/GameManager.cs
  artifactKey: Guid(051b311710796e4459cef021773696fe) Importer(2089858483,0ecaa5967403d082aa24f35e1b516d23)
Start importing Assets/Match 3 Starter/Scripts/Managers/GameManager.cs using Guid(051b311710796e4459cef021773696fe) Importer(2089858483,0ecaa5967403d082aa24f35e1b516d23) Generated GUIDs only implemented for interfaces!
 -> (artifact id: '73eebc87ebaa4c81f815deabf30f9619') in 0.009931 seconds 
========================================================================
Received Import Request.
  Time since last request: 0.000029 seconds.
  path: Assets/Match 3 Starter/Sprites/Characters/characters_0001.png
  artifactKey: Guid(093363a40d9c07a4082e1c0f82d20fc3) Importer(2089858483,0ecaa5967403d082aa24f35e1b516d23)
Start importing Assets/Match 3 Starter/Sprites/Characters/characters_0001.png using Guid(093363a40d9c07a4082e1c0f82d20fc3) Importer(2089858483,0ecaa5967403d082aa24f35e1b516d23) Generated GUIDs only implemented for interfaces!
 -> (artifact id: '8df0590669fe171924e87c46d75cc315') in 0.019888 seconds 
========================================================================
Received Import Request.
  Time since last request: 0.000030 seconds.
  path: Assets/Match 3 Starter/Sprites/Characters/characters_0005.png
  artifactKey: Guid(e3169e90983853d4d9d73233512118e2) Importer(2089858483,0ecaa5967403d082aa24f35e1b516d23)
Start importing Assets/Match 3 Starter/Sprites/Characters/characters_0005.png using Guid(e3169e90983853d4d9d73233512118e2) Importer(2089858483,0ecaa5967403d082aa24f35e1b516d23) Generated GUIDs only implemented for interfaces!
 -> (artifact id: 'e88de49176b71eb64f40f26a6811d36c') in 0.021755 seconds 
========================================================================
Received Import Request.
  Time since last request: 0.000033 seconds.
  path: Assets/Match 3 Starter/Audio/SFX/Wrong.mp3
  artifactKey: Guid(3e3775a759dc2534396f0bdcb35151df) Importer(2089858483,0ecaa5967403d082aa24f35e1b516d23)
Start importing Assets/Match 3 Starter/Audio/SFX/Wrong.mp3 using Guid(3e3775a759dc2534396f0bdcb35151df) Importer(2089858483,0ecaa5967403d082aa24f35e1b516d23) Generated GUIDs only implemented for interfaces!
 -> (artifact id: '4eb027b9281a59ea92ed6c64d10607eb') in 0.042811 seconds 
========================================================================
Received Import Request.
  Time since last request: 0.000021 seconds.
  path: Assets/Match 3 Starter/Prefabs/Managers and UI/GUIManagerCanvas.prefab
  artifactKey: Guid(6a2e44e682f3ea5469046c0ccfa27945) Importer(2089858483,0ecaa5967403d082aa24f35e1b516d23)
Start importing Assets/Match 3 Starter/Prefabs/Managers and UI/GUIManagerCanvas.prefab using Guid(6a2e44e682f3ea5469046c0ccfa27945) Importer(2089858483,0ecaa5967403d082aa24f35e1b516d23) Generated GUIDs only implemented for interfaces!
 -> (artifact id: '634ae09654345f9a0f61f71056e6a52b') in 0.053556 seconds 
========================================================================
Received Import Request.
  Time since last request: 0.000030 seconds.
  path: Assets/Match 3 Starter/Prefabs/Managers and UI/MenuCanvas.prefab
  artifactKey: Guid(5c55d6b169136be438c65bd97e4f3a67) Importer(2089858483,0ecaa5967403d082aa24f35e1b516d23)
Start importing Assets/Match 3 Starter/Prefabs/Managers and UI/MenuCanvas.prefab using Guid(5c55d6b169136be438c65bd97e4f3a67) Importer(2089858483,0ecaa5967403d082aa24f35e1b516d23) Generated GUIDs only implemented for interfaces!
 -> (artifact id: 'be9dabdc775bd2fc0a63044d35b94aa4') in 0.017951 seconds 
========================================================================
Received Import Request.
  Time since last request: 0.000025 seconds.
  path: Assets/Match 3 Starter/Audio/SFX/Clear.ogg
  artifactKey: Guid(4b4043ea4a208e44f9ceb6db860a42ea) Importer(2089858483,0ecaa5967403d082aa24f35e1b516d23)
Start importing Assets/Match 3 Starter/Audio/SFX/Clear.ogg using Guid(4b4043ea4a208e44f9ceb6db860a42ea) Importer(2089858483,0ecaa5967403d082aa24f35e1b516d23) Generated GUIDs only implemented for interfaces!
 -> (artifact id: '6152aad144389d5251f412e3a66de37c') in 0.067724 seconds 
========================================================================
Received Import Request.
  Time since last request: 0.000020 seconds.
  path: Assets/Match 3 Starter/Scripts/Back To Menu/ChangeScene.cs
  artifactKey: Guid(5f33a0aa88308964ca4dd3bd01efc72b) Importer(2089858483,0ecaa5967403d082aa24f35e1b516d23)
Start importing Assets/Match 3 Starter/Scripts/Back To Menu/ChangeScene.cs using Guid(5f33a0aa88308964ca4dd3bd01efc72b) Importer(2089858483,0ecaa5967403d082aa24f35e1b516d23) Generated GUIDs only implemented for interfaces!
 -> (artifact id: 'e90701960047c21f53acb4e7de7b2b5e') in 0.010049 seconds 
========================================================================
Received Import Request.
  Time since last request: 0.000044 seconds.
  path: Assets/Match 3 Starter/Sprites/UI/inGameCounter_bar.png
  artifactKey: Guid(481dfd9654651104d9f20d739342e00a) Importer(2089858483,0ecaa5967403d082aa24f35e1b516d23)
Start importing Assets/Match 3 Starter/Sprites/UI/inGameCounter_bar.png using Guid(481dfd9654651104d9f20d739342e00a) Importer(2089858483,0ecaa5967403d082aa24f35e1b516d23) Generated GUIDs only implemented for interfaces!
 -> (artifact id: 'a36b78e0f99be5d3c70a3af0efcc635a') in 0.020284 seconds 
Editor requested this worker to shutdown with reason: Scaling down because of idle timeout
AssetImportWorker is now disconnected from the server
Process exiting
Exiting without the bug reporter. Application will terminate with return code 0