Using pre-set license
Built from '2021.3/staging' branch; Version is '2021.3.6f1 (7da38d85baf6) revision 8233869'; Using compiler version '192829333'; Build Type 'Release'
OS: 'Windows 11  (10.0.22622) 64bit CoreSingleLanguage' Language: 'en' Physical Memory: 15741 MB
BatchMode: 1, IsHumanControllingUs: 0, StartBugReporterOnCrash: 0, Is64bit: 1, IsPro: 1

COMMAND LINE ARGUMENTS:
C:\Program Files\Unity\Hub\Editor\2021.3.6f1\Editor\Unity.exe
-adb2
-batchMode
-noUpm
-name
AssetImportWorker4
-projectPath
C:/CODE/hphuocthanh/pru_candy_game
-logFile
Logs/AssetImportWorker4.log
-srvPort
63060
Successfully changed project path to: C:/CODE/hphuocthanh/pru_candy_game
C:/CODE/hphuocthanh/pru_candy_game
[UnityMemory] Configuration Parameters - Can be set up in boot.config
    "memorysetup-bucket-allocator-granularity=16"
    "memorysetup-bucket-allocator-bucket-count=8"
    "memorysetup-bucket-allocator-block-size=33554432"
    "memorysetup-bucket-allocator-block-count=8"
    "memorysetup-main-allocator-block-size=16777216"
    "memorysetup-thread-allocator-block-size=16777216"
    "memorysetup-gfx-main-allocator-block-size=16777216"
    "memorysetup-gfx-thread-allocator-block-size=16777216"
    "memorysetup-cache-allocator-block-size=4194304"
    "memorysetup-typetree-allocator-block-size=2097152"
    "memorysetup-profiler-bucket-allocator-granularity=16"
    "memorysetup-profiler-bucket-allocator-bucket-count=8"
    "memorysetup-profiler-bucket-allocator-block-size=33554432"
    "memorysetup-profiler-bucket-allocator-block-count=8"
    "memorysetup-profiler-allocator-block-size=16777216"
    "memorysetup-profiler-editor-allocator-block-size=1048576"
    "memorysetup-temp-allocator-size-main=16777216"
    "memorysetup-job-temp-allocator-block-size=2097152"
    "memorysetup-job-temp-allocator-block-size-background=1048576"
    "memorysetup-job-temp-allocator-reduction-small-platforms=262144"
    "memorysetup-temp-allocator-size-background-worker=32768"
    "memorysetup-temp-allocator-size-job-worker=262144"
    "memorysetup-temp-allocator-size-preload-manager=33554432"
    "memorysetup-temp-allocator-size-nav-mesh-worker=65536"
    "memorysetup-temp-allocator-size-audio-worker=65536"
    "memorysetup-temp-allocator-size-cloud-worker=32768"
    "memorysetup-temp-allocator-size-gi-baking-worker=262144"
    "memorysetup-temp-allocator-size-gfx=262144"
Refreshing native plugins compatible for Editor in 31.80 ms, found 2 plugins.
Preloading 0 native plugins for Editor in 0.00 ms.
Initialize engine version: 2021.3.6f1 (7da38d85baf6)
[Subsystems] Discovering subsystems at path C:/Program Files/Unity/Hub/Editor/2021.3.6f1/Editor/Data/Resources/UnitySubsystems
[Subsystems] Discovering subsystems at path C:/CODE/hphuocthanh/pru_candy_game/Assets
GfxDevice: creating device client; threaded=0; jobified=0
Direct3D:
    Version:  Direct3D 11.0 [level 11.1]
    Renderer: NVIDIA GeForce GTX 1650 Ti (ID=0x1f95)
    Vendor:   NVIDIA
    VRAM:     3962 MB
    Driver:   30.0.15.1215
Initialize mono
Mono path[0] = 'C:/Program Files/Unity/Hub/Editor/2021.3.6f1/Editor/Data/Managed'
Mono path[1] = 'C:/Program Files/Unity/Hub/Editor/2021.3.6f1/Editor/Data/MonoBleedingEdge/lib/mono/unityjit-win32'
Mono config path = 'C:/Program Files/Unity/Hub/Editor/2021.3.6f1/Editor/Data/MonoBleedingEdge/etc'
Using monoOptions --debugger-agent=transport=dt_socket,embedding=1,server=y,suspend=n,address=127.0.0.1:56556
Begin MonoManager ReloadAssembly
Registering precompiled unity dll's ...
Register platform support module: C:/Program Files/Unity/Hub/Editor/2021.3.6f1/Editor/Data/PlaybackEngines/WebGLSupport/UnityEditor.WebGL.Extensions.dll
Register platform support module: C:/Program Files/Unity/Hub/Editor/2021.3.6f1/Editor/Data/PlaybackEngines/WindowsStandaloneSupport/UnityEditor.WindowsStandalone.Extensions.dll
Registered in 0.004547 seconds.
Native extension for WindowsStandalone target not found
Native extension for WebGL target not found
Refreshing native plugins compatible for Editor in 27.55 ms, found 2 plugins.
Preloading 0 native plugins for Editor in 0.00 ms.
Mono: successfully reloaded assembly
- Completed reload, in  0.590 seconds
Domain Reload Profiling:
	ReloadAssembly (590ms)
		BeginReloadAssembly (72ms)
			ExecutionOrderSort (0ms)
			DisableScriptedObjects (0ms)
			BackupInstance (0ms)
			ReleaseScriptingObjects (0ms)
			CreateAndSetChildDomain (1ms)
		EndReloadAssembly (408ms)
			LoadAssemblies (71ms)
			RebuildTransferFunctionScriptingTraits (0ms)
			SetupTypeCache (103ms)
			ReleaseScriptCaches (0ms)
			RebuildScriptCaches (30ms)
			SetupLoadedEditorAssemblies (228ms)
				LogAssemblyErrors (0ms)
				InitializePlatformSupportModulesInManaged (8ms)
				SetLoadedEditorAssemblies (0ms)
				RefreshPlugins (28ms)
				BeforeProcessingInitializeOnLoad (1ms)
				ProcessInitializeOnLoadAttributes (147ms)
				ProcessInitializeOnLoadMethodAttributes (44ms)
				AfterProcessingInitializeOnLoad (0ms)
				EditorAssembliesLoaded (0ms)
			ExecutionOrderSort2 (0ms)
			AwakeInstancesAfterBackupRestoration (0ms)
Platform modules already initialized, skipping
Registering precompiled user dll's ...
Registered in 0.003421 seconds.
Begin MonoManager ReloadAssembly
Native extension for WindowsStandalone target not found
Native extension for WebGL target not found
Refreshing native plugins compatible for Editor in 0.36 ms, found 2 plugins.
Preloading 0 native plugins for Editor in 0.00 ms.
Mono: successfully reloaded assembly
- Completed reload, in  0.844 seconds
Domain Reload Profiling:
	ReloadAssembly (845ms)
		BeginReloadAssembly (101ms)
			ExecutionOrderSort (0ms)
			DisableScriptedObjects (6ms)
			BackupInstance (0ms)
			ReleaseScriptingObjects (0ms)
			CreateAndSetChildDomain (20ms)
		EndReloadAssembly (628ms)
			LoadAssemblies (66ms)
			RebuildTransferFunctionScriptingTraits (0ms)
			SetupTypeCache (175ms)
			ReleaseScriptCaches (0ms)
			RebuildScriptCaches (44ms)
			SetupLoadedEditorAssemblies (299ms)
				LogAssemblyErrors (0ms)
				InitializePlatformSupportModulesInManaged (6ms)
				SetLoadedEditorAssemblies (0ms)
				RefreshPlugins (1ms)
				BeforeProcessingInitializeOnLoad (58ms)
				ProcessInitializeOnLoadAttributes (199ms)
				ProcessInitializeOnLoadMethodAttributes (27ms)
				AfterProcessingInitializeOnLoad (7ms)
				EditorAssembliesLoaded (0ms)
			ExecutionOrderSort2 (0ms)
			AwakeInstancesAfterBackupRestoration (6ms)
Platform modules already initialized, skipping
========================================================================
Worker process is ready to serve import requests
Launched and connected shader compiler UnityShaderCompiler.exe after 0.08 seconds
Refreshing native plugins compatible for Editor in 0.40 ms, found 2 plugins.
Preloading 0 native plugins for Editor in 0.00 ms.
Unloading 1680 Unused Serialized files (Serialized files now loaded: 0)
Unloading 19 unused Assets / (47.2 KB). Loaded Objects now: 2145.
Memory consumption went from 72.2 MB to 72.1 MB.
Total: 3.020800 ms (FindLiveObjects: 0.173000 ms CreateObjectMapping: 0.047800 ms MarkObjects: 2.696700 ms  DeleteObjects: 0.101400 ms)

AssetImportParameters requested are different than current active one (requested -> active):
  custom:video-decoder-ogg-theora: a1e56fd34408186e4bbccfd4996cb3dc -> 
  custom:container-muxer-webm: aa71ff27fc2769a1b78a27578f13a17b -> 
  custom:container-demuxer-webm: 4f35f7cbe854078d1ac9338744f61a02 -> 
  custom:video-encoder-webm-vp8: eb34c28f22e8b96e1ab97ce403110664 -> 
  custom:video-codec-MediaFoundation-h265: 746d11721c4dcdbdad8f713fa42b33f4 -> 
  custom:audio-encoder-webm-vorbis: bf7c407c2cedff20999df2af8eb42d56 -> 
  custom:framework-win-MediaFoundation: 216162199b28c13a410421893ffa2e32 -> 
  custom:container-demuxer-ogg: 62fdf1f143b41e24485cea50d1cbac27 -> 
  custom:video-decoder-webm-vp8: 9c59270c3fd7afecdb556c50c9e8de78 -> 
  custom:audio-decoder-ogg-vorbis: bf7c407c2cedff20999df2af8eb42d56 -> 
========================================================================
Received Import Request.
  Time since last request: 16077.617727 seconds.
  path: Assets/Match 3 Starter/Scenes/GameSettings.lighting
  artifactKey: Guid(a8233c8210a19f34d90b3077e40f0020) Importer(815301076,1909f56bfc062723c751e8b465ee728b)
Start importing Assets/Match 3 Starter/Scenes/GameSettings.lighting using Guid(a8233c8210a19f34d90b3077e40f0020) Importer(815301076,1909f56bfc062723c751e8b465ee728b) LightingSettings: switching bake backend from 1 to 0.
 -> (artifact id: '07ed008afc9bf10b0ae371d9784e399a') in 0.042756 seconds 
========================================================================
Received Import Request.
  Time since last request: 5.256620 seconds.
  path: Assets/Match 3 Starter/Scenes/Menu 1.unity
  artifactKey: Guid(f1288b79addc75e4187cfc6b14ea06b1) Importer(815301076,1909f56bfc062723c751e8b465ee728b)
Start importing Assets/Match 3 Starter/Scenes/Menu 1.unity using Guid(f1288b79addc75e4187cfc6b14ea06b1) Importer(815301076,1909f56bfc062723c751e8b465ee728b)  -> (artifact id: 'b54dc545acbc8a845b90ac7704afd618') in 0.006192 seconds 
========================================================================
Received Import Request.
  Time since last request: 16.007574 seconds.
  path: Assets/Match 3 Starter/Scenes/Leaderboard.unity
  artifactKey: Guid(f1288b79addc75e4187cfc6b14ea06b1) Importer(815301076,1909f56bfc062723c751e8b465ee728b)
Start importing Assets/Match 3 Starter/Scenes/Leaderboard.unity using Guid(f1288b79addc75e4187cfc6b14ea06b1) Importer(815301076,1909f56bfc062723c751e8b465ee728b)  -> (artifact id: '3c3adc7861af4fbebb1485a0ad311abd') in 0.006418 seconds 
========================================================================
Received Import Request.
  Time since last request: 282.694653 seconds.
  path: Assets/Match 3 Starter/Animations/GameOverPanel.controller
  artifactKey: Guid(d2e521b0f9f2e964ea6f647e7d830d34) Importer(2089858483,0ecaa5967403d082aa24f35e1b516d23)
Start importing Assets/Match 3 Starter/Animations/GameOverPanel.controller using Guid(d2e521b0f9f2e964ea6f647e7d830d34) Importer(2089858483,0ecaa5967403d082aa24f35e1b516d23) Generated GUIDs only implemented for interfaces!
 -> (artifact id: 'ca05c90b8a952befc9006e70c7b74c12') in 0.159896 seconds 
========================================================================
Received Import Request.
  Time since last request: 0.000035 seconds.
  path: Assets/Match 3 Starter/Sprites/UI/TitleScreen.png
  artifactKey: Guid(d971ad3c3de589a46907a352d4bfca2d) Importer(2089858483,0ecaa5967403d082aa24f35e1b516d23)
Start importing Assets/Match 3 Starter/Sprites/UI/TitleScreen.png using Guid(d971ad3c3de589a46907a352d4bfca2d) Importer(2089858483,0ecaa5967403d082aa24f35e1b516d23) Generated GUIDs only implemented for interfaces!
 -> (artifact id: 'ec4edd45d57c6e131ddd139a2f640b03') in 0.065580 seconds 
========================================================================
Received Import Request.
  Time since last request: 0.000030 seconds.
  path: Assets/Match 3 Starter/Audio/SFX/Swap.ogg
  artifactKey: Guid(03aa09522745ddc4fa23a5fe46484274) Importer(2089858483,0ecaa5967403d082aa24f35e1b516d23)
Start importing Assets/Match 3 Starter/Audio/SFX/Swap.ogg using Guid(03aa09522745ddc4fa23a5fe46484274) Importer(2089858483,0ecaa5967403d082aa24f35e1b516d23) Generated GUIDs only implemented for interfaces!
 -> (artifact id: '7805d66ef91fdb214944316c2a124b75') in 0.102165 seconds 
========================================================================
Received Import Request.
  Time since last request: 0.000027 seconds.
  path: Assets/Match 3 Starter/Sprites/Characters/characters_0007.png
  artifactKey: Guid(6e84ec6047673d440aa377e4980bfea8) Importer(2089858483,0ecaa5967403d082aa24f35e1b516d23)
Start importing Assets/Match 3 Starter/Sprites/Characters/characters_0007.png using Guid(6e84ec6047673d440aa377e4980bfea8) Importer(2089858483,0ecaa5967403d082aa24f35e1b516d23) Generated GUIDs only implemented for interfaces!
 -> (artifact id: 'b1c29210339bfea90a3f1b30a788f83d') in 0.028317 seconds 
========================================================================
Received Import Request.
  Time since last request: 0.000017 seconds.
  path: Assets/Match 3 Starter/Scripts/Managers/GUIManager.cs
  artifactKey: Guid(f194c03b331e8294d85f6654fa6a5c94) Importer(2089858483,0ecaa5967403d082aa24f35e1b516d23)
Start importing Assets/Match 3 Starter/Scripts/Managers/GUIManager.cs using Guid(f194c03b331e8294d85f6654fa6a5c94) Importer(2089858483,0ecaa5967403d082aa24f35e1b516d23) Generated GUIDs only implemented for interfaces!
 -> (artifact id: 'd7f3c8188e89638b2f830a3f53596d20') in 0.013134 seconds 
========================================================================
Received Import Request.
  Time since last request: 0.000020 seconds.
  path: Assets/Match 3 Starter/Sprites/UI/button_up.png
  artifactKey: Guid(f5e2daf84d4c063469ded81b9108fad4) Importer(2089858483,0ecaa5967403d082aa24f35e1b516d23)
Start importing Assets/Match 3 Starter/Sprites/UI/button_up.png using Guid(f5e2daf84d4c063469ded81b9108fad4) Importer(2089858483,0ecaa5967403d082aa24f35e1b516d23) Generated GUIDs only implemented for interfaces!
 -> (artifact id: 'fdb3a9219e0404ad3f94e441c94d7563') in 0.022164 seconds 
========================================================================
Received Import Request.
  Time since last request: 0.000022 seconds.
  path: Assets/Match 3 Starter/Scenes/Game.unity
  artifactKey: Guid(13c4b9a25e714484db0951847e444521) Importer(2089858483,0ecaa5967403d082aa24f35e1b516d23)
Start importing Assets/Match 3 Starter/Scenes/Game.unity using Guid(13c4b9a25e714484db0951847e444521) Importer(2089858483,0ecaa5967403d082aa24f35e1b516d23) Generated GUIDs only implemented for interfaces!
 -> (artifact id: 'a96e8c832e0a46d8a1d8098c958ccc04') in 0.009511 seconds 
========================================================================
Received Import Request.
  Time since last request: 0.000023 seconds.
  path: Assets/Match 3 Starter/Prefabs/Managers and UI/BoardManager.prefab
  artifactKey: Guid(af7a25f9117a27345bd4fc983e1bf621) Importer(2089858483,0ecaa5967403d082aa24f35e1b516d23)
Start importing Assets/Match 3 Starter/Prefabs/Managers and UI/BoardManager.prefab using Guid(af7a25f9117a27345bd4fc983e1bf621) Importer(2089858483,0ecaa5967403d082aa24f35e1b516d23) Generated GUIDs only implemented for interfaces!
 -> (artifact id: '66b22ba83fca54bff3821495d6f8733c') in 0.028334 seconds 
========================================================================
Received Import Request.
  Time since last request: 0.000030 seconds.
  path: Assets/Match 3 Starter/Prefabs/Tile.prefab
  artifactKey: Guid(6417c2a8214b7ab45b35ac5e9e62c2cb) Importer(2089858483,0ecaa5967403d082aa24f35e1b516d23)
Start importing Assets/Match 3 Starter/Prefabs/Tile.prefab using Guid(6417c2a8214b7ab45b35ac5e9e62c2cb) Importer(2089858483,0ecaa5967403d082aa24f35e1b516d23) Generated GUIDs only implemented for interfaces!
 -> (artifact id: 'b2f8312cf477ff3609cd3c65f5a20ebb') in 0.018496 seconds 
========================================================================
Received Import Request.
  Time since last request: 0.000024 seconds.
  path: Assets/Match 3 Starter/Prefabs/Managers and UI/GameManager.prefab
  artifactKey: Guid(eb9c3aa0fa5cc314ab86ca0bcc68ad01) Importer(2089858483,0ecaa5967403d082aa24f35e1b516d23)
Start importing Assets/Match 3 Starter/Prefabs/Managers and UI/GameManager.prefab using Guid(eb9c3aa0fa5cc314ab86ca0bcc68ad01) Importer(2089858483,0ecaa5967403d082aa24f35e1b516d23) Generated GUIDs only implemented for interfaces!
 -> (artifact id: '4a54ea71397f026cc3765e149fbf514e') in 0.020821 seconds 
========================================================================
Received Import Request.
  Time since last request: 0.000022 seconds.
  path: Assets/Match 3 Starter/Scripts/Board and Grid/BoardManager.cs
  artifactKey: Guid(a3e5bbfb8c13d8f479f8d00fcbc7884e) Importer(2089858483,0ecaa5967403d082aa24f35e1b516d23)
Start importing Assets/Match 3 Starter/Scripts/Board and Grid/BoardManager.cs using Guid(a3e5bbfb8c13d8f479f8d00fcbc7884e) Importer(2089858483,0ecaa5967403d082aa24f35e1b516d23) Generated GUIDs only implemented for interfaces!
 -> (artifact id: '845e98deee5e78bc1585e9a34ce80c60') in 0.009295 seconds 
========================================================================
Received Import Request.
  Time since last request: 0.000028 seconds.
  path: Assets/Match 3 Starter/Sprites/UI/button_down.png
  artifactKey: Guid(5b2f73de82189964fb6f31b5c7b62d35) Importer(2089858483,0ecaa5967403d082aa24f35e1b516d23)
Start importing Assets/Match 3 Starter/Sprites/UI/button_down.png using Guid(5b2f73de82189964fb6f31b5c7b62d35) Importer(2089858483,0ecaa5967403d082aa24f35e1b516d23) Generated GUIDs only implemented for interfaces!
 -> (artifact id: '94f319be3a85cd516a635c24bda63ffe') in 0.020916 seconds 
========================================================================
Received Import Request.
  Time since last request: 0.000022 seconds.
  path: Assets/Match 3 Starter/Scenes/MenuSettings.lighting
  artifactKey: Guid(2c7fb941ff61c104983dd1727130d673) Importer(2089858483,0ecaa5967403d082aa24f35e1b516d23)
Start importing Assets/Match 3 Starter/Scenes/MenuSettings.lighting using Guid(2c7fb941ff61c104983dd1727130d673) Importer(2089858483,0ecaa5967403d082aa24f35e1b516d23) LightingSettings: switching bake backend from 1 to 0.
Generated GUIDs only implemented for interfaces!
 -> (artifact id: '0aba481209fd7e171db973e3030191db') in 0.019903 seconds 
========================================================================
Received Import Request.
  Time since last request: 0.000028 seconds.
  path: Assets/Match 3 Starter/Sprites/UI/inGame_counter.png
  artifactKey: Guid(e16c2fef59001794fac394c559efe8c3) Importer(2089858483,0ecaa5967403d082aa24f35e1b516d23)
Start importing Assets/Match 3 Starter/Sprites/UI/inGame_counter.png using Guid(e16c2fef59001794fac394c559efe8c3) Importer(2089858483,0ecaa5967403d082aa24f35e1b516d23) Generated GUIDs only implemented for interfaces!
 -> (artifact id: 'c9ed6bdc9c4115b1b39ffd576071cc8b') in 0.021504 seconds 
========================================================================
Received Import Request.
  Time since last request: 0.000032 seconds.
  path: Assets/Match 3 Starter/Scripts/Effects/GUISizePingPong.cs
  artifactKey: Guid(6444328334f798a4e822ba1e541e98b4) Importer(2089858483,0ecaa5967403d082aa24f35e1b516d23)
Start importing Assets/Match 3 Starter/Scripts/Effects/GUISizePingPong.cs using Guid(6444328334f798a4e822ba1e541e98b4) Importer(2089858483,0ecaa5967403d082aa24f35e1b516d23) Generated GUIDs only implemented for interfaces!
 -> (artifact id: '33b52c16b748facdde86ceb1c3c097f4') in 0.012210 seconds 
========================================================================
Received Import Request.
  Time since last request: 0.000024 seconds.
  path: Assets/Match 3 Starter/Scenes/Leaderboard.unity
  artifactKey: Guid(f1288b79addc75e4187cfc6b14ea06b1) Importer(2089858483,0ecaa5967403d082aa24f35e1b516d23)
Start importing Assets/Match 3 Starter/Scenes/Leaderboard.unity using Guid(f1288b79addc75e4187cfc6b14ea06b1) Importer(2089858483,0ecaa5967403d082aa24f35e1b516d23) Generated GUIDs only implemented for interfaces!
 -> (artifact id: 'e14751c5caa52239b594471ba19c05d9') in 0.010393 seconds 
========================================================================
Received Import Request.
  Time since last request: 0.000024 seconds.
  path: Assets/Match 3 Starter/Sprites/Characters/characters_0002.png
  artifactKey: Guid(fbdc2dd4941e61244980c24b6aaea0de) Importer(2089858483,0ecaa5967403d082aa24f35e1b516d23)
Start importing Assets/Match 3 Starter/Sprites/Characters/characters_0002.png using Guid(fbdc2dd4941e61244980c24b6aaea0de) Importer(2089858483,0ecaa5967403d082aa24f35e1b516d23) Generated GUIDs only implemented for interfaces!
 -> (artifact id: 'b7b9d450c27a2d8041a2acd1ac62f1bc') in 0.019807 seconds 
========================================================================
Received Import Request.
  Time since last request: 0.000018 seconds.
  path: Assets/Match 3 Starter/Scripts/Board and Grid/Tile.cs
  artifactKey: Guid(f86f53e3a0b4ac048b452577bcabc93a) Importer(2089858483,0ecaa5967403d082aa24f35e1b516d23)
Start importing Assets/Match 3 Starter/Scripts/Board and Grid/Tile.cs using Guid(f86f53e3a0b4ac048b452577bcabc93a) Importer(2089858483,0ecaa5967403d082aa24f35e1b516d23) Generated GUIDs only implemented for interfaces!
 -> (artifact id: '66f38c2dfdbd8c9d45065caf153f2965') in 0.008009 seconds 
========================================================================
Received Import Request.
  Time since last request: 0.000023 seconds.
  path: Assets/Match 3 Starter/Fonts/HVD_Comic_Serif_Pro.otf
  artifactKey: Guid(1466810ba7010594998a3428d52efaed) Importer(2089858483,0ecaa5967403d082aa24f35e1b516d23)
Start importing Assets/Match 3 Starter/Fonts/HVD_Comic_Serif_Pro.otf using Guid(1466810ba7010594998a3428d52efaed) Importer(2089858483,0ecaa5967403d082aa24f35e1b516d23) Generated GUIDs only implemented for interfaces!
 -> (artifact id: 'e4b3d99ff4ab192bcabb8661c0b41ece') in 0.028657 seconds 
========================================================================
Received Import Request.
  Time since last request: 0.000024 seconds.
  path: Assets/Match 3 Starter/Sprites/Characters/characters_0004.png
  artifactKey: Guid(e61a9cacb6991554e9ba8f0f19381eda) Importer(2089858483,0ecaa5967403d082aa24f35e1b516d23)
Start importing Assets/Match 3 Starter/Sprites/Characters/characters_0004.png using Guid(e61a9cacb6991554e9ba8f0f19381eda) Importer(2089858483,0ecaa5967403d082aa24f35e1b516d23) Generated GUIDs only implemented for interfaces!
 -> (artifact id: 'bdb958cf483e61cd048aca1e032babd9') in 0.020223 seconds 
========================================================================
Received Import Request.
  Time since last request: 0.000020 seconds.
  path: Assets/Match 3 Starter/Prefabs/Managers and UI/SFXManager.prefab
  artifactKey: Guid(21f51af2919c5ca42afa49762724faa9) Importer(2089858483,0ecaa5967403d082aa24f35e1b516d23)
Start importing Assets/Match 3 Starter/Prefabs/Managers and UI/SFXManager.prefab using Guid(21f51af2919c5ca42afa49762724faa9) Importer(2089858483,0ecaa5967403d082aa24f35e1b516d23) Generated GUIDs only implemented for interfaces!
 -> (artifact id: '9e365ed4d04093fbc619f0e6d62bab67') in 0.017068 seconds 
========================================================================
Received Import Request.
  Time since last request: 0.000021 seconds.
  path: Assets/Match 3 Starter/Sprites/Characters/characters_0006.png
  artifactKey: Guid(dca7a45bef5bffa4395181b03e04d081) Importer(2089858483,0ecaa5967403d082aa24f35e1b516d23)
Start importing Assets/Match 3 Starter/Sprites/Characters/characters_0006.png using Guid(dca7a45bef5bffa4395181b03e04d081) Importer(2089858483,0ecaa5967403d082aa24f35e1b516d23) Generated GUIDs only implemented for interfaces!
 -> (artifact id: 'e7099768120ad477ab77f80094d88502') in 0.016404 seconds 
========================================================================
Received Import Request.
  Time since last request: 0.000029 seconds.
  path: Assets/Match 3 Starter/Audio/Music/Hyperfun.ogg
  artifactKey: Guid(ebac80d036915b54094138b7e7cd5922) Importer(2089858483,0ecaa5967403d082aa24f35e1b516d23)
Start importing Assets/Match 3 Starter/Audio/Music/Hyperfun.ogg using Guid(ebac80d036915b54094138b7e7cd5922) Importer(2089858483,0ecaa5967403d082aa24f35e1b516d23) Generated GUIDs only implemented for interfaces!
 -> (artifact id: '4a017ab73510402190270fdb1100d845') in 0.101556 seconds 
Editor requested this worker to shutdown with reason: Scaling down because of idle timeout
AssetImportWorker is now disconnected from the server
Process exiting
Exiting without the bug reporter. Application will terminate with return code 0